#
# There is insufficient memory for the Java Runtime Environment to continue.
# Native memory allocation (malloc) failed to allocate 169472 bytes for Chunk::new
# Possible reasons:
#   The system is out of physical RAM or swap space
#   The process is running with CompressedOops enabled, and the Java Heap may be blocking the growth of the native heap
# Possible solutions:
#   Reduce memory load on the system
#   Increase physical memory or swap space
#   Check if swap backing store is full
#   Decrease Java heap size (-Xmx/-Xms)
#   Decrease number of Java threads
#   Decrease Java thread stack sizes (-Xss)
#   Set larger code cache with -XX:ReservedCodeCacheSize=
#   JVM is running with Zero Based Compressed Oops mode in which the Java heap is
#     placed in the first 32GB address space. The Java Heap base address is the
#     maximum limit for the native heap growth. Please use -XX:HeapBaseMinAddress
#     to set the Java Heap base and to place the Java Heap above 32GB virtual address.
# This output file may be truncated or incomplete.
#
#  Out of Memory Error (allocation.cpp:389), pid=28964, tid=0x0000000000002f20
#
# JRE version: Java(TM) SE Runtime Environment (8.0_341-b10) (build 1.8.0_341-b10)
# Java VM: Java HotSpot(TM) 64-Bit Server VM (25.341-b10 mixed mode windows-amd64 compressed oops)
# Failed to write core dump. Minidumps are not enabled by default on client versions of Windows
#

---------------  T H R E A D  ---------------

Current thread (0x000002587c01e000):  JavaThread "C2 CompilerThread0" daemon [_thread_in_native, id=12064, stack(0x0000009231300000,0x0000009231400000)]

Stack: [0x0000009231300000,0x0000009231400000]
Native frames: (J=compiled Java code, j=interpreted, Vv=VM code, C=native code)
V  [jvm.dll+0x32fa99]
V  [jvm.dll+0x275ff2]
V  [jvm.dll+0x276c9d]
V  [jvm.dll+0x26d645]
V  [jvm.dll+0xd583c]
V  [jvm.dll+0xd603c]
V  [jvm.dll+0x471515]
V  [jvm.dll+0x438d38]
V  [jvm.dll+0x441b85]
V  [jvm.dll+0x440f45]
V  [jvm.dll+0x42bceb]
V  [jvm.dll+0xac68b]
V  [jvm.dll+0xaaceb]
V  [jvm.dll+0x23e542]
V  [jvm.dll+0x292d2c]
C  [ucrtbase.dll+0x21bb2]
C  [KERNEL32.DLL+0x17344]
C  [ntdll.dll+0x526b1]


Current CompileTask:
C2:   9225 2221       4       sun.invoke.util.BytecodeDescriptor::unparseSig (75 bytes)


---------------  P R O C E S S  ---------------

Java Threads: ( => current thread )
  0x000002587c03b800 JavaThread "AsyncHttpClient-1-4" daemon [_thread_in_native, id=29648, stack(0x0000009232500000,0x0000009232600000)]
  0x000002587c03b000 JavaThread "AsyncHttpClient-1-3" daemon [_thread_in_native, id=20248, stack(0x0000009232400000,0x0000009232500000)]
  0x000002587c03a000 JavaThread "AsyncHttpClient-1-2" daemon [_thread_in_native, id=4360, stack(0x0000009232300000,0x0000009232400000)]
  0x000002587c039800 JavaThread "Keep-Alive-Timer" daemon [_thread_blocked, id=19728, stack(0x0000009232200000,0x0000009232300000)]
  0x000002587de70000 JavaThread "UrlChecker-2" daemon [_thread_blocked, id=28640, stack(0x0000009232000000,0x0000009232100000)]
  0x000002587e2b2800 JavaThread "Driver Service Executor" daemon [_thread_blocked, id=24768, stack(0x0000009231f00000,0x0000009232000000)]
  0x000002587f4fe800 JavaThread "Driver Service Executor" daemon [_thread_blocked, id=28460, stack(0x0000009231e00000,0x0000009231f00000)]
  0x000002587e2b4800 JavaThread "Exec Stream Pumper" daemon [_thread_in_native, id=10252, stack(0x0000009231d00000,0x0000009231e00000)]
  0x000002587deb1800 JavaThread "Exec Stream Pumper" daemon [_thread_in_native, id=29092, stack(0x0000009231c00000,0x0000009231d00000)]
  0x000002587de5e000 JavaThread "Exec Default Executor" daemon [_thread_in_native, id=400, stack(0x0000009231b00000,0x0000009231c00000)]
  0x000002587de8d800 JavaThread "AsyncHttpClient-1-1" daemon [_thread_blocked, id=29112, stack(0x0000009231a00000,0x0000009231b00000)]
  0x000002587e295800 JavaThread "ForkJoinPool.commonPool-worker-1" daemon [_thread_blocked, id=29108, stack(0x0000009231900000,0x0000009231a00000)]
  0x000002587de17000 JavaThread "Service Thread" daemon [_thread_blocked, id=29040, stack(0x0000009231700000,0x0000009231800000)]
  0x000002587c038800 JavaThread "C1 CompilerThread3" daemon [_thread_blocked, id=24492, stack(0x0000009231600000,0x0000009231700000)]
  0x000002587c026000 JavaThread "C2 CompilerThread2" daemon [_thread_blocked, id=3040, stack(0x0000009231500000,0x0000009231600000)]
  0x000002587c01f800 JavaThread "C2 CompilerThread1" daemon [_thread_blocked, id=28992, stack(0x0000009231400000,0x0000009231500000)]
=>0x000002587c01e000 JavaThread "C2 CompilerThread0" daemon [_thread_in_native, id=12064, stack(0x0000009231300000,0x0000009231400000)]
  0x000002587dd43800 JavaThread "Monitor Ctrl-Break" daemon [_thread_in_native, id=28936, stack(0x0000009231200000,0x0000009231300000)]
  0x000002587bfed000 JavaThread "Attach Listener" daemon [_thread_blocked, id=28332, stack(0x0000009231100000,0x0000009231200000)]
  0x000002587bfec000 JavaThread "Signal Dispatcher" daemon [_thread_blocked, id=8564, stack(0x0000009231000000,0x0000009231100000)]
  0x000002587bfc6800 JavaThread "Finalizer" daemon [_thread_blocked, id=28932, stack(0x0000009230f00000,0x0000009231000000)]
  0x0000025878662800 JavaThread "Reference Handler" daemon [_thread_blocked, id=28984, stack(0x0000009230e00000,0x0000009230f00000)]
  0x00000258785c8800 JavaThread "Forwarding actions on session ca51ef781b020b8bf11c157dcf1f5187 to remote" [_thread_blocked, id=29008, stack(0x0000009230400000,0x0000009230500000)]

Other Threads:
  0x000002587865d800 VMThread [stack: 0x0000009230d00000,0x0000009230e00000] [id=28980]
  0x000002587de1c000 WatcherThread [stack: 0x0000009231800000,0x0000009231900000] [id=28080]

VM state:not at safepoint (normal execution)

VM Mutex/Monitor currently owned by a thread: None

heap address: 0x0000000701a00000, size: 3046 MB, Compressed Oops mode: Zero based, Oop shift amount: 3
Narrow klass base: 0x0000000000000000, Narrow klass shift: 3
Compressed class space size: 1073741824 Address: 0x00000007c0000000

Heap:
 PSYoungGen      total 57344K, used 40209K [0x0000000780900000, 0x0000000787100000, 0x00000007c0000000)
  eden space 49152K, 69% used [0x0000000780900000,0x0000000782a77fe0,0x0000000783900000)
  from space 8192K, 72% used [0x0000000783900000,0x0000000783ecc6c0,0x0000000784100000)
  to   space 9728K, 0% used [0x0000000786780000,0x0000000786780000,0x0000000787100000)
 ParOldGen       total 67072K, used 6744K [0x0000000701a00000, 0x0000000705b80000, 0x0000000780900000)
  object space 67072K, 10% used [0x0000000701a00000,0x0000000702096310,0x0000000705b80000)
 Metaspace       used 29082K, capacity 31092K, committed 31104K, reserved 1077248K
  class space    used 3806K, capacity 4214K, committed 4224K, reserved 1048576K

Card table byte_map: [0x000002587a320000,0x000002587a920000] byte_map_base: 0x0000025876b13000

Marking Bits: (ParMarkBitMap*) 0x0000000069949030
 Begin Bits: [0x000002580f000000, 0x0000025811f98000)
 End Bits:   [0x0000025811f98000, 0x0000025814f30000)

Polling page: 0x0000025879f30000

CodeCache: size=245760Kb used=6735Kb max_used=7435Kb free=239024Kb
 bounds [0x0000025800000000, 0x0000025800750000, 0x000002580f000000]
 total_blobs=2482 nmethods=2004 adapters=390
 compilation: enabled

Compilation events (10 events):
Event: 9.189 Thread 0x000002587c038800 2244       3       org.openqa.selenium.json.JsonOutput$$Lambda$525/1748097277::accept (9 bytes)
Event: 9.189 Thread 0x000002587c038800 nmethod 2244 0x0000025800199110 code [0x0000025800199280, 0x0000025800199410]
Event: 9.189 Thread 0x000002587c038800 2245       3       org.openqa.selenium.json.JsonOutput::lambda$asString$34 (37 bytes)
Event: 9.190 Thread 0x000002587c038800 nmethod 2245 0x00000258001d1d10 code [0x00000258001d1f40, 0x00000258001d2be0]
Event: 9.190 Thread 0x000002587c038800 2243       3       java.lang.Throwable::<init> (34 bytes)
Event: 9.191 Thread 0x000002587c038800 nmethod 2243 0x0000025800143110 code [0x0000025800143280, 0x0000025800143590]
Event: 9.191 Thread 0x000002587c038800 2246       3       org.openqa.selenium.json.JsonOutput$$Lambda$519/465909321::test (12 bytes)
Event: 9.191 Thread 0x000002587c038800 nmethod 2246 0x00000258001449d0 code [0x0000025800144b80, 0x00000258001451e0]
Event: 9.191 Thread 0x000002587c038800 2247       3       org.openqa.selenium.json.JsonOutput::lambda$write0$32 (27 bytes)
Event: 9.191 Thread 0x000002587c038800 nmethod 2247 0x00000258002b9990 code [0x00000258002b9b20, 0x00000258002b9fe0]

GC Heap History (10 events):
Event: 2.803 GC heap before
{Heap before GC invocations=2 (full 0):
 PSYoungGen      total 57344K, used 54353K [0x0000000780900000, 0x0000000784900000, 0x00000007c0000000)
  eden space 49152K, 100% used [0x0000000780900000,0x0000000783900000,0x0000000783900000)
  from space 8192K, 63% used [0x0000000783900000,0x0000000783e14770,0x0000000784100000)
  to   space 8192K, 0% used [0x0000000784100000,0x0000000784100000,0x0000000784900000)
 ParOldGen       total 131072K, used 16K [0x0000000701a00000, 0x0000000709a00000, 0x0000000780900000)
  object space 131072K, 0% used [0x0000000701a00000,0x0000000701a04000,0x0000000709a00000)
 Metaspace       used 15007K, capacity 16326K, committed 16512K, reserved 1062912K
  class space    used 1856K, capacity 2121K, committed 2176K, reserved 1048576K
Event: 2.810 GC heap after
Heap after GC invocations=2 (full 0):
 PSYoungGen      total 57344K, used 6808K [0x0000000780900000, 0x0000000784900000, 0x00000007c0000000)
  eden space 49152K, 0% used [0x0000000780900000,0x0000000780900000,0x0000000783900000)
  from space 8192K, 83% used [0x0000000784100000,0x00000007847a63e0,0x0000000784900000)
  to   space 8192K, 0% used [0x0000000783900000,0x0000000783900000,0x0000000784100000)
 ParOldGen       total 131072K, used 32K [0x0000000701a00000, 0x0000000709a00000, 0x0000000780900000)
  object space 131072K, 0% used [0x0000000701a00000,0x0000000701a08000,0x0000000709a00000)
 Metaspace       used 15007K, capacity 16326K, committed 16512K, reserved 1062912K
  class space    used 1856K, capacity 2121K, committed 2176K, reserved 1048576K
}
Event: 4.076 GC heap before
{Heap before GC invocations=3 (full 0):
 PSYoungGen      total 57344K, used 55960K [0x0000000780900000, 0x0000000784900000, 0x00000007c0000000)
  eden space 49152K, 100% used [0x0000000780900000,0x0000000783900000,0x0000000783900000)
  from space 8192K, 83% used [0x0000000784100000,0x00000007847a63e0,0x0000000784900000)
  to   space 8192K, 0% used [0x0000000783900000,0x0000000783900000,0x0000000784100000)
 ParOldGen       total 131072K, used 32K [0x0000000701a00000, 0x0000000709a00000, 0x0000000780900000)
  object space 131072K, 0% used [0x0000000701a00000,0x0000000701a08000,0x0000000709a00000)
 Metaspace       used 19395K, capacity 20766K, committed 20992K, reserved 1067008K
  class space    used 2426K, capacity 2713K, committed 2816K, reserved 1048576K
Event: 4.087 GC heap after
Heap after GC invocations=3 (full 0):
 PSYoungGen      total 57344K, used 8184K [0x0000000780900000, 0x0000000784900000, 0x00000007c0000000)
  eden space 49152K, 0% used [0x0000000780900000,0x0000000780900000,0x0000000783900000)
  from space 8192K, 99% used [0x0000000783900000,0x00000007840fe340,0x0000000784100000)
  to   space 8192K, 0% used [0x0000000784100000,0x0000000784100000,0x0000000784900000)
 ParOldGen       total 131072K, used 1542K [0x0000000701a00000, 0x0000000709a00000, 0x0000000780900000)
  object space 131072K, 1% used [0x0000000701a00000,0x0000000701b81998,0x0000000709a00000)
 Metaspace       used 19395K, capacity 20766K, committed 20992K, reserved 1067008K
  class space    used 2426K, capacity 2713K, committed 2816K, reserved 1048576K
}
Event: 4.143 GC heap before
{Heap before GC invocations=4 (full 0):
 PSYoungGen      total 57344K, used 12289K [0x0000000780900000, 0x0000000784900000, 0x00000007c0000000)
  eden space 49152K, 8% used [0x0000000780900000,0x0000000780d021c8,0x0000000783900000)
  from space 8192K, 99% used [0x0000000783900000,0x00000007840fe340,0x0000000784100000)
  to   space 8192K, 0% used [0x0000000784100000,0x0000000784100000,0x0000000784900000)
 ParOldGen       total 131072K, used 1542K [0x0000000701a00000, 0x0000000709a00000, 0x0000000780900000)
  object space 131072K, 1% used [0x0000000701a00000,0x0000000701b81998,0x0000000709a00000)
 Metaspace       used 19784K, capacity 21130K, committed 21248K, reserved 1067008K
  class space    used 2465K, capacity 2747K, committed 2816K, reserved 1048576K
Event: 4.152 GC heap after
Heap after GC invocations=4 (full 0):
 PSYoungGen      total 57344K, used 6882K [0x0000000780900000, 0x0000000787900000, 0x00000007c0000000)
  eden space 49152K, 0% used [0x0000000780900000,0x0000000780900000,0x0000000783900000)
  from space 8192K, 84% used [0x0000000784100000,0x00000007847b8b78,0x0000000784900000)
  to   space 8192K, 0% used [0x0000000783900000,0x0000000783900000,0x0000000784100000)
 ParOldGen       total 131072K, used 1550K [0x0000000701a00000, 0x0000000709a00000, 0x0000000780900000)
  object space 131072K, 1% used [0x0000000701a00000,0x0000000701b83998,0x0000000709a00000)
 Metaspace       used 19784K, capacity 21130K, committed 21248K, reserved 1067008K
  class space    used 2465K, capacity 2747K, committed 2816K, reserved 1048576K
}
Event: 4.152 GC heap before
{Heap before GC invocations=5 (full 1):
 PSYoungGen      total 57344K, used 6882K [0x0000000780900000, 0x0000000787900000, 0x00000007c0000000)
  eden space 49152K, 0% used [0x0000000780900000,0x0000000780900000,0x0000000783900000)
  from space 8192K, 84% used [0x0000000784100000,0x00000007847b8b78,0x0000000784900000)
  to   space 8192K, 0% used [0x0000000783900000,0x0000000783900000,0x0000000784100000)
 ParOldGen       total 131072K, used 1550K [0x0000000701a00000, 0x0000000709a00000, 0x0000000780900000)
  object space 131072K, 1% used [0x0000000701a00000,0x0000000701b83998,0x0000000709a00000)
 Metaspace       used 19784K, capacity 21130K, committed 21248K, reserved 1067008K
  class space    used 2465K, capacity 2747K, committed 2816K, reserved 1048576K
Event: 4.190 GC heap after
Heap after GC invocations=5 (full 1):
 PSYoungGen      total 57344K, used 0K [0x0000000780900000, 0x0000000787900000, 0x00000007c0000000)
  eden space 49152K, 0% used [0x0000000780900000,0x0000000780900000,0x0000000783900000)
  from space 8192K, 0% used [0x0000000784100000,0x0000000784100000,0x0000000784900000)
  to   space 8192K, 0% used [0x0000000783900000,0x0000000783900000,0x0000000784100000)
 ParOldGen       total 67072K, used 6736K [0x0000000701a00000, 0x0000000705b80000, 0x0000000780900000)
  object space 67072K, 10% used [0x0000000701a00000,0x0000000702094310,0x0000000705b80000)
 Metaspace       used 19784K, capacity 21130K, committed 21248K, reserved 1067008K
  class space    used 2465K, capacity 2747K, committed 2816K, reserved 1048576K
}
Event: 5.327 GC heap before
{Heap before GC invocations=6 (full 1):
 PSYoungGen      total 57344K, used 49152K [0x0000000780900000, 0x0000000787900000, 0x00000007c0000000)
  eden space 49152K, 100% used [0x0000000780900000,0x0000000783900000,0x0000000783900000)
  from space 8192K, 0% used [0x0000000784100000,0x0000000784100000,0x0000000784900000)
  to   space 8192K, 0% used [0x0000000783900000,0x0000000783900000,0x0000000784100000)
 ParOldGen       total 67072K, used 6736K [0x0000000701a00000, 0x0000000705b80000, 0x0000000780900000)
  object space 67072K, 10% used [0x0000000701a00000,0x0000000702094310,0x0000000705b80000)
 Metaspace       used 26227K, capacity 27982K, committed 28032K, reserved 1073152K
  class space    used 3357K, capacity 3711K, committed 3712K, reserved 1048576K
Event: 5.336 GC heap after
Heap after GC invocations=6 (full 1):
 PSYoungGen      total 57344K, used 5937K [0x0000000780900000, 0x0000000787100000, 0x00000007c0000000)
  eden space 49152K, 0% used [0x0000000780900000,0x0000000780900000,0x0000000783900000)
  from space 8192K, 72% used [0x0000000783900000,0x0000000783ecc6c0,0x0000000784100000)
  to   space 9728K, 0% used [0x0000000786780000,0x0000000786780000,0x0000000787100000)
 ParOldGen       total 67072K, used 6744K [0x0000000701a00000, 0x0000000705b80000, 0x0000000780900000)
  object space 67072K, 10% used [0x0000000701a00000,0x0000000702096310,0x0000000705b80000)
 Metaspace       used 26227K, capacity 27982K, committed 28032K, reserved 1073152K
  class space    used 3357K, capacity 3711K, committed 3712K, reserved 1048576K
}

Deoptimization events (10 events):
Event: 4.572 Thread 0x00000258785c8800 Uncommon trap: reason=class_check action=maybe_recompile pc=0x00000258005b5918 method=java.util.regex.Matcher.search(I)Z @ 86
Event: 4.595 Thread 0x00000258785c8800 Uncommon trap: reason=unstable_if action=reinterpret pc=0x00000258001da798 method=java.lang.String.replace(CC)Ljava/lang/String; @ 2
Event: 4.685 Thread 0x000002587de70000 Uncommon trap: reason=predicate action=maybe_recompile pc=0x00000258002ab314 method=sun.net.www.ParseUtil.encodePath(Ljava/lang/String;Z)Ljava/lang/String; @ 36
Event: 4.704 Thread 0x00000258785c8800 Uncommon trap: reason=unstable_if action=reinterpret pc=0x0000025800320f34 method=sun.reflect.generics.parser.SignatureParser.current()C @ 39
Event: 4.712 Thread 0x00000258785c8800 Uncommon trap: reason=unstable_if action=reinterpret pc=0x0000025800369598 method=jdk.internal.org.objectweb.asm.Type.getArgumentsAndReturnSizes(Ljava/lang/String;)I @ 41
Event: 5.384 Thread 0x000002587c03a000 Uncommon trap: reason=unloaded action=reinterpret pc=0x00000258004b51f8 method=java.lang.CharacterData.of(I)Ljava/lang/CharacterData; @ 116
Event: 5.431 Thread 0x000002587c03a000 Uncommon trap: reason=unstable_if action=reinterpret pc=0x00000258006768f0 method=sun.reflect.generics.parser.SignatureParser.skipIdentifier()V @ 32
Event: 9.138 Thread 0x00000258785c8800 Uncommon trap: reason=unstable_if action=reinterpret pc=0x00000258005bb598 method=java.util.HashMap$HashIterator.<init>(Ljava/util/HashMap;)V @ 45
Event: 9.140 Thread 0x00000258785c8800 Uncommon trap: reason=unstable_if action=reinterpret pc=0x00000258005ad144 method=java.util.HashMap$HashIterator.<init>(Ljava/util/HashMap;)V @ 45
Event: 9.140 Thread 0x00000258785c8800 Uncommon trap: reason=unstable_if action=reinterpret pc=0x00000258005b4aa4 method=java.util.HashMap$HashIterator.<init>(Ljava/util/HashMap;)V @ 45

Classes redefined (0 events):
No events

Internal exceptions (10 events):
Event: 3.890 Thread 0x00000258785c8800 Exception <a 'java/lang/NoSuchMethodError': java.lang.Object.lambda$static$3()Ljava/lang/String;> (0x0000000782f9bd28) thrown at [C:\jenkins\workspace\8-2-build-windows-x64-cygwin\jdk8u341\2692\hotspot\src\share\vm\interpreter\linkResolver.cpp, line 620]
Event: 4.070 Thread 0x00000258785c8800 Exception <a 'java/lang/NoSuchMethodError': java.lang.Object.lambda$create$0(Lorg/openqa/selenium/remote/http/HttpClient$Factory;)Z> (0x000000078389bfe0) thrown at [C:\jenkins\workspace\8-2-build-windows-x64-cygwin\jdk8u341\2692\hotspot\src\share\vm\inter
Event: 4.070 Thread 0x00000258785c8800 Exception <a 'java/lang/NoSuchMethodError': java.lang.Object.lambda$create$1(Ljava/lang/String;Lorg/openqa/selenium/remote/http/HttpClient$Factory;)Z> (0x000000078389f998) thrown at [C:\jenkins\workspace\8-2-build-windows-x64-cygwin\jdk8u341\2692\hotspot\
Event: 4.536 Thread 0x00000258785c8800 Exception <a 'java/lang/NoSuchMethodError': java.lang.Object.lambda$andFinally$1(Lorg/openqa/selenium/remote/http/HttpHandler;Lorg/openqa/selenium/remote/http/HttpRequest;)Lorg/openqa/selenium/remote/http/HttpResponse;> (0x00000007820ef4d0) thrown at [C:\
Event: 4.570 Thread 0x00000258785c8800 Exception <a 'java/lang/IncompatibleClassChangeError': Found class java.lang.Object, but interface was expected> (0x000000078233b3b0) thrown at [C:\jenkins\workspace\8-2-build-windows-x64-cygwin\jdk8u341\2692\hotspot\src\share\vm\interpreter\linkResolver.
Event: 4.772 Thread 0x00000258785c8800 Exception <a 'java/lang/NoSuchMethodError': java.lang.Object.lambda$chars$0()Ljava/util/Spliterator$OfInt;> (0x0000000782ab8998) thrown at [C:\jenkins\workspace\8-2-build-windows-x64-cygwin\jdk8u341\2692\hotspot\src\share\vm\interpreter\linkResolver.cpp, 
Event: 4.855 Thread 0x00000258785c8800 Exception <a 'java/lang/NoSuchMethodError': java.lang.Object.lambda$negate$1(Ljava/lang/Object;)Z> (0x0000000782ec7880) thrown at [C:\jenkins\workspace\8-2-build-windows-x64-cygwin\jdk8u341\2692\hotspot\src\share\vm\interpreter\linkResolver.cpp, line 620]
Event: 6.552 Thread 0x00000258785c8800 Exception <a 'java/lang/NoSuchMethodError': java.lang.Object.lambda$getResponseFunction$0(Lorg/openqa/selenium/remote/InitialHandshakeResponse;)Lorg/openqa/selenium/remote/ProtocolHandshake$Result;> (0x0000000781bc1f68) thrown at [C:\jenkins\workspace\8-2
Event: 6.890 Thread 0x00000258785c8800 Exception <a 'java/lang/NoSuchMethodError': java.lang.Object.lambda$identity$2(Ljava/lang/Object;)Ljava/lang/Object;> (0x00000007823ed668) thrown at [C:\jenkins\workspace\8-2-build-windows-x64-cygwin\jdk8u341\2692\hotspot\src\share\vm\interpreter\linkReso
Event: 9.021 Thread 0x00000258785c8800 Exception <a 'java/lang/NoSuchMethodError': java.lang.Object.FIND_ELEMENT(Ljava/lang/String;Ljava/lang/Object;)Lorg/openqa/selenium/remote/CommandPayload;> (0x000000078278c638) thrown at [C:\jenkins\workspace\8-2-build-windows-x64-cygwin\jdk8u341\2692\hot

Events (10 events):
Event: 9.150 Thread 0x000002587c038800 flushing nmethod 0x00000258005527d0
Event: 9.150 Thread 0x000002587c038800 flushing nmethod 0x0000025800555990
Event: 9.150 Thread 0x000002587c038800 flushing nmethod 0x000002580055c8d0
Event: 9.150 Executing VM operation: RevokeBias
Event: 9.150 Executing VM operation: RevokeBias done
Event: 9.151 Thread 0x000002587c038800 flushing nmethod 0x000002580059cf10
Event: 9.151 Thread 0x000002587c038800 flushing nmethod 0x00000258005a9b90
Event: 9.151 Thread 0x000002587c038800 flushing nmethod 0x00000258005ad390
Event: 9.151 Thread 0x000002587c038800 flushing nmethod 0x00000258005d3a90
Event: 9.151 Thread 0x000002587c038800 flushing nmethod 0x00000258005e3d90


Dynamic libraries:
0x00007ff6140e0000 - 0x00007ff614127000 	C:\Program Files\Java\jdk1.8.0_341\bin\java.exe
0x00007ffaa39d0000 - 0x00007ffaa3bc8000 	C:\WINDOWS\SYSTEM32\ntdll.dll
0x00007ffaa1ac0000 - 0x00007ffaa1b7d000 	C:\WINDOWS\System32\KERNEL32.DLL
0x00007ffaa1560000 - 0x00007ffaa1856000 	C:\WINDOWS\System32\KERNELBASE.dll
0x00007ffaa1c60000 - 0x00007ffaa1d0f000 	C:\WINDOWS\System32\ADVAPI32.dll
0x00007ffaa2c10000 - 0x00007ffaa2cae000 	C:\WINDOWS\System32\msvcrt.dll
0x00007ffaa3890000 - 0x00007ffaa392c000 	C:\WINDOWS\System32\sechost.dll
0x00007ffaa2d40000 - 0x00007ffaa2e66000 	C:\WINDOWS\System32\RPCRT4.dll
0x00007ffaa24f0000 - 0x00007ffaa268e000 	C:\WINDOWS\System32\USER32.dll
0x00007ffaa1370000 - 0x00007ffaa1392000 	C:\WINDOWS\System32\win32u.dll
0x00007ffaa1c30000 - 0x00007ffaa1c5c000 	C:\WINDOWS\System32\GDI32.dll
0x00007ffaa11b0000 - 0x00007ffaa12ca000 	C:\WINDOWS\System32\gdi32full.dll
0x00007ffaa12d0000 - 0x00007ffaa136d000 	C:\WINDOWS\System32\msvcp_win.dll
0x00007ffaa13a0000 - 0x00007ffaa14a0000 	C:\WINDOWS\System32\ucrtbase.dll
0x00007ffa8ff80000 - 0x00007ffa9021a000 	C:\WINDOWS\WinSxS\amd64_microsoft.windows.common-controls_6595b64144ccf1df_6.0.19041.3636_none_60b6a03d71f818d5\COMCTL32.dll
0x00007ffaa2e70000 - 0x00007ffaa2ea0000 	C:\WINDOWS\System32\IMM32.DLL
0x00007ffa9b9f0000 - 0x00007ffa9ba05000 	C:\Program Files\Java\jdk1.8.0_341\jre\bin\vcruntime140.dll
0x00007ffa7c550000 - 0x00007ffa7c5eb000 	C:\Program Files\Java\jdk1.8.0_341\jre\bin\msvcp140.dll
0x0000000069160000 - 0x00000000699c1000 	C:\Program Files\Java\jdk1.8.0_341\jre\bin\server\jvm.dll
0x00007ffaa2460000 - 0x00007ffaa2468000 	C:\WINDOWS\System32\PSAPI.DLL
0x00007ffa94300000 - 0x00007ffa94327000 	C:\WINDOWS\SYSTEM32\WINMM.dll
0x00007ffa8cef0000 - 0x00007ffa8cef9000 	C:\WINDOWS\SYSTEM32\WSOCK32.dll
0x00007ffa99710000 - 0x00007ffa9971a000 	C:\WINDOWS\SYSTEM32\VERSION.dll
0x00007ffaa28d0000 - 0x00007ffaa293b000 	C:\WINDOWS\System32\WS2_32.dll
0x00007ffa9ef50000 - 0x00007ffa9ef62000 	C:\WINDOWS\SYSTEM32\kernel.appcore.dll
0x00007ffa9ce90000 - 0x00007ffa9cea0000 	C:\Program Files\Java\jdk1.8.0_341\jre\bin\verify.dll
0x00007ffa8e830000 - 0x00007ffa8e85b000 	C:\Program Files\Java\jdk1.8.0_341\jre\bin\java.dll
0x00007ffa9c5c0000 - 0x00007ffa9c5f0000 	C:\Program Files\Java\jdk1.8.0_341\jre\bin\instrument.dll
0x00007ffa95cd0000 - 0x00007ffa95ce8000 	C:\Program Files\Java\jdk1.8.0_341\jre\bin\zip.dll
0x00007ffaa1d10000 - 0x00007ffaa2454000 	C:\WINDOWS\System32\SHELL32.dll
0x00007ffa9f150000 - 0x00007ffa9f8eb000 	C:\WINDOWS\SYSTEM32\windows.storage.dll
0x00007ffaa3530000 - 0x00007ffaa3884000 	C:\WINDOWS\System32\combase.dll
0x00007ffaa0af0000 - 0x00007ffaa0b1d000 	C:\WINDOWS\SYSTEM32\Wldp.dll
0x00007ffaa1b80000 - 0x00007ffaa1c2d000 	C:\WINDOWS\System32\SHCORE.dll
0x00007ffaa26f0000 - 0x00007ffaa2745000 	C:\WINDOWS\System32\shlwapi.dll
0x00007ffaa0fe0000 - 0x00007ffaa1005000 	C:\WINDOWS\SYSTEM32\profapi.dll
0x00007ffa9b090000 - 0x00007ffa9b0aa000 	C:\Program Files\JetBrains\IntelliJ IDEA Community Edition 2022.2\bin\breakgen64.dll
0x00007ffa95bf0000 - 0x00007ffa95c0c000 	C:\Program Files\Java\jdk1.8.0_341\jre\bin\net.dll
0x00007ffaa0850000 - 0x00007ffaa08ba000 	C:\WINDOWS\system32\mswsock.dll
0x00007ffaa0a40000 - 0x00007ffaa0a58000 	C:\WINDOWS\SYSTEM32\CRYPTSP.dll
0x00007ffaa0110000 - 0x00007ffaa0144000 	C:\WINDOWS\system32\rsaenh.dll
0x00007ffaa1530000 - 0x00007ffaa1557000 	C:\WINDOWS\System32\bcrypt.dll
0x00007ffaa0fa0000 - 0x00007ffaa0fce000 	C:\WINDOWS\SYSTEM32\USERENV.dll
0x00007ffaa14a0000 - 0x00007ffaa1522000 	C:\WINDOWS\System32\bcryptprimitives.dll
0x00007ffaa0a60000 - 0x00007ffaa0a6c000 	C:\WINDOWS\SYSTEM32\CRYPTBASE.dll
0x00007ffaa04f0000 - 0x00007ffaa052b000 	C:\WINDOWS\SYSTEM32\IPHLPAPI.DLL
0x00007ffaa1a30000 - 0x00007ffaa1a38000 	C:\WINDOWS\System32\NSI.dll
0x00007ffa9a6c0000 - 0x00007ffa9a6d7000 	C:\WINDOWS\SYSTEM32\dhcpcsvc6.DLL
0x00007ffa99990000 - 0x00007ffa999ad000 	C:\WINDOWS\SYSTEM32\dhcpcsvc.DLL
0x00007ffaa0540000 - 0x00007ffaa060a000 	C:\WINDOWS\SYSTEM32\DNSAPI.dll
0x00007ffa95b80000 - 0x00007ffa95b93000 	C:\Program Files\Java\jdk1.8.0_341\jre\bin\nio.dll
0x00007ffa80340000 - 0x00007ffa80357000 	C:\WINDOWS\system32\napinsp.dll
0x00007ffa80320000 - 0x00007ffa8033b000 	C:\WINDOWS\system32\pnrpnsp.dll
0x00007ffa80300000 - 0x00007ffa80315000 	C:\WINDOWS\system32\wshbth.dll
0x00007ffa9ccf0000 - 0x00007ffa9cd0d000 	C:\WINDOWS\system32\NLAapi.dll
0x00007ffa802e0000 - 0x00007ffa802f2000 	C:\WINDOWS\System32\winrnr.dll
0x00007ffa92b70000 - 0x00007ffa92b7a000 	C:\Windows\System32\rasadhlp.dll
0x00007ffa925e0000 - 0x00007ffa92660000 	C:\WINDOWS\System32\fwpuclnt.dll
0x00007ffa9cf10000 - 0x00007ffa9cf1d000 	C:\Program Files\Java\jdk1.8.0_341\jre\bin\management.dll
0x00007ffa981a0000 - 0x00007ffa981c4000 	C:\Program Files\Java\jdk1.8.0_341\jre\bin\sunec.dll
0x00007ffa8ada0000 - 0x00007ffa8af84000 	C:\WINDOWS\SYSTEM32\dbghelp.dll

VM Arguments:
jvm_args: -ea -Didea.test.cyclic.buffer.size=1048576 -javaagent:C:\Program Files\JetBrains\IntelliJ IDEA Community Edition 2022.2\lib\idea_rt.jar=50667:C:\Program Files\JetBrains\IntelliJ IDEA Community Edition 2022.2\bin -Dfile.encoding=UTF-8 
java_command: com.intellij.rt.junit.JUnitStarter -ideVersion5 -junit5 pages.UITests,TC10_doubleClickTest
java_class_path (initial): C:\Users\Lisa\.m2\repository\org\junit\vintage\junit-vintage-engine\5.10.1\junit-vintage-engine-5.10.1.jar;C:\Program Files\JetBrains\IntelliJ IDEA Community Edition 2022.2\lib\idea_rt.jar;C:\Program Files\JetBrains\IntelliJ IDEA Community Edition 2022.2\plugins\junit\lib\junit5-rt.jar;C:\Program Files\JetBrains\IntelliJ IDEA Community Edition 2022.2\plugins\junit\lib\junit-rt.jar;C:\Program Files\Java\jdk1.8.0_341\jre\lib\charsets.jar;C:\Program Files\Java\jdk1.8.0_341\jre\lib\deploy.jar;C:\Program Files\Java\jdk1.8.0_341\jre\lib\ext\access-bridge-64.jar;C:\Program Files\Java\jdk1.8.0_341\jre\lib\ext\cldrdata.jar;C:\Program Files\Java\jdk1.8.0_341\jre\lib\ext\dnsns.jar;C:\Program Files\Java\jdk1.8.0_341\jre\lib\ext\jaccess.jar;C:\Program Files\Java\jdk1.8.0_341\jre\lib\ext\jfxrt.jar;C:\Program Files\Java\jdk1.8.0_341\jre\lib\ext\localedata.jar;C:\Program Files\Java\jdk1.8.0_341\jre\lib\ext\nashorn.jar;C:\Program Files\Java\jdk1.8.0_341\jre\lib\ext\sunec.jar;C:\Program Files\Java\jdk1.8.0_341\jre\lib\ext\sunjce_provider.jar;C:\Program Files\Java\jdk1.8.0_341\jre\lib\ext\sunmscapi.jar;C:\Program Files\Java\jdk1.8.0_341\jre\lib\ext\sunpkcs11.jar;C:\Program Files\Java\jdk1.8.0_341\jre\lib\ext\zipfs.jar;C:\Program Files\Java\jdk1.8.0_341\jre\lib\javaws.jar;C:\Program Files\Java\jdk1.8.0_341\jre\lib\jce.jar;C:\Program Files\Java\jdk1.8.0_341\jre\lib\jfr.jar;C:\Program Files\Java\jdk1.8.0_341\jre\lib\jfxswt.jar;C:\Program Files\Java\jdk1.8.0_341\jre\lib\jsse.jar;C:\Program Files\Java\jdk1.8.0_341\jre\lib\management-agent.jar;C:\Program Files\Java\jdk1.8.0_341\jre\lib\plugin.jar;C:\Program Files\Java\jdk1.8.0_341\jre\lib\resources.jar;C:\Program Files\Java\jdk1.8.0_341\jre\lib\rt.jar;C:\Users\Lisa\Desktop\TestAutomationExercises\target\test-classes;C:\Users\Lisa\Desktop\TestAutomationExercises\target\classes;C:\Users\Lisa\.m2\repository\junit\junit\4.13.2\junit-4.13.2.jar;C:\Users\Lisa\.m2\repository\org\hamcrest\hamcrest-core\1.3\hamcrest-core
Launcher Type: SUN_STANDARD

Environment Variables:
JAVA_HOME=C:\Program Files\Java\jdk1.8.0_341
PATH=C:\Python310\Scripts\;C:\Python310\;C:\ProgramData\Oracle\Java\javapath;C:\Program Files (x86)\Intel\iCLS Client\;C:\Program Files\Intel\iCLS Client\;C:\Windows\system32;C:\Windows;C:\Windows\System32\Wbem;C:\Windows\System32\WindowsPowerShell\v1.0\;C:\Program Files (x86)\Intel\Intel(R) Management Engine Components\DAL;C:\Program Files\Intel\Intel(R) Management Engine Components\DAL;C:\Program Files (x86)\Intel\Intel(R) Management Engine Components\IPT;C:\Program Files\Intel\Intel(R) Management Engine Components\IPT;C:\Program Files (x86)\Skype\Phone\;C:\WINDOWS\system32;C:\WINDOWS;C:\WINDOWS\System32\Wbem;C:\WINDOWS\System32\WindowsPowerShell\v1.0\;C:\Program Files (x86)\NVIDIA Corporation\PhysX\Common;C:\Program Files\Intel\WiFi\bin\;C:\Program Files\Common Files\Intel\WirelessCommon\;C:\WINDOWS\system32;C:\WINDOWS;C:\WINDOWS\System32\Wbem;C:\WINDOWS\System32\WindowsPowerShell\v1.0\;C:\WINDOWS\System32\OpenSSH\;C:\Program Files\nodejs\;C:\ProgramData\chocolatey\bin;C:\Program Files\Git\cmd;C:\Users\Lisa\Downloads\gradle-8.0.1-bin\gradle-8.0.1\bin;C:\Users\Lisa\scoop\shims;C:\Users\Lisa\App
USERNAME=Lisa
OS=Windows_NT
PROCESSOR_IDENTIFIER=Intel64 Family 6 Model 60 Stepping 3, GenuineIntel



---------------  S Y S T E M  ---------------

OS: Windows 10 , 64 bit Build 19041 (10.0.19041.3636)

CPU:total 8 (initial active 8) (4 cores per cpu, 2 threads per core) family 6 model 60 stepping 3, cmov, cx8, fxsr, mmx, sse, sse2, sse3, ssse3, sse4.1, sse4.2, popcnt, avx, avx2, aes, clmul, erms, lzcnt, ht, tsc, tscinvbit, bmi1, bmi2

Memory: 4k page, physical 12469188k(357480k free), swap 22733764k(5140k free)

vm_info: Java HotSpot(TM) 64-Bit Server VM (25.341-b10) for windows-amd64 JRE (1.8.0_341-b10), built on Jun 16 2022 15:51:07 by "java_re" with MS VC++ 15.9 (VS2017)

time: Tue Dec 12 00:03:30 2023
timezone: Közép-európai téli idl 60 Stepping 3, GenuineIntel
elapsed time: 9.234388 seconds (0d 0h 0m 9s)

